2022-03-17 23:45:45 | [INFO]    | Discordia 2.9.2
2022-03-17 23:45:45 | [INFO]    | Connecting to Discord...
2022-03-17 23:45:46 | [INFO]    | Authenticated as CuteCatBOT#0355
2022-03-17 23:45:46 | [INFO]    | Launching shard 0 (1 out of 1)...
2022-03-17 23:45:46 | [INFO]    | Shard 0 : Connected to wss://gateway.discord.gg
2022-03-17 23:45:46 | [INFO]    | Shard 0 : Received HELLO
2022-03-17 23:45:46 | [INFO]    | Shard 0 : Received READY
2022-03-17 23:53:50 | [INFO]    | Discordia 2.9.2
2022-03-17 23:53:50 | [INFO]    | Connecting to Discord...
2022-03-17 23:53:50 | [INFO]    | Authenticated as CuteCatBOT#0355
2022-03-17 23:53:50 | [INFO]    | Launching shard 0 (1 out of 1)...
2022-03-17 23:53:50 | [INFO]    | Shard 0 : Connected to wss://gateway.discord.gg
2022-03-17 23:53:50 | [INFO]    | Shard 0 : Received HELLO
2022-03-17 23:53:50 | [INFO]    | Shard 0 : Received READY
2022-03-17 23:55:04 | [INFO]    | Discordia 2.9.2
2022-03-17 23:55:04 | [INFO]    | Connecting to Discord...
2022-03-17 23:55:04 | [INFO]    | Authenticated as CuteCatBOT#0355
2022-03-17 23:55:04 | [INFO]    | Launching shard 0 (1 out of 1)...
2022-03-17 23:55:04 | [INFO]    | Shard 0 : Connected to wss://gateway.discord.gg
2022-03-17 23:55:04 | [INFO]    | Shard 0 : Received HELLO
2022-03-17 23:55:04 | [INFO]    | Shard 0 : Received READY
2022-03-17 23:58:29 | [INFO]    | Discordia 2.9.2
2022-03-17 23:58:29 | [INFO]    | Connecting to Discord...
2022-03-17 23:58:30 | [INFO]    | Authenticated as CuteCatBOT#0355
2022-03-17 23:58:30 | [INFO]    | Launching shard 0 (1 out of 1)...
2022-03-17 23:58:30 | [INFO]    | Shard 0 : Connected to wss://gateway.discord.gg
2022-03-17 23:58:30 | [INFO]    | Shard 0 : Received HELLO
2022-03-17 23:58:30 | [INFO]    | Shard 0 : Received READY
2022-03-17 23:59:48 | [INFO]    | Discordia 2.9.2
2022-03-17 23:59:48 | [INFO]    | Connecting to Discord...
2022-03-17 23:59:48 | [INFO]    | Authenticated as CuteCatBOT#0355
2022-03-17 23:59:48 | [INFO]    | Launching shard 0 (1 out of 1)...
2022-03-17 23:59:48 | [INFO]    | Shard 0 : Connected to wss://gateway.discord.gg
2022-03-17 23:59:48 | [INFO]    | Shard 0 : Received HELLO
2022-03-17 23:59:48 | [INFO]    | Shard 0 : Received READY
2022-03-18 00:02:03 | [INFO]    | Discordia 2.9.2
2022-03-18 00:02:03 | [INFO]    | Connecting to Discord...
2022-03-18 00:02:03 | [INFO]    | Authenticated as CuteCatBOT#0355
2022-03-18 00:02:03 | [INFO]    | Launching shard 0 (1 out of 1)...
2022-03-18 00:02:03 | [INFO]    | Shard 0 : Connected to wss://gateway.discord.gg
2022-03-18 00:02:03 | [INFO]    | Shard 0 : Received HELLO
2022-03-18 00:02:04 | [INFO]    | Shard 0 : Received READY
2022-03-18 00:24:19 | [INFO]    | Discordia 2.9.2
2022-03-18 00:24:19 | [INFO]    | Connecting to Discord...
2022-03-18 00:24:19 | [INFO]    | Authenticated as CuteCatBOT#0355
2022-03-18 00:24:19 | [INFO]    | Launching shard 0 (1 out of 1)...
2022-03-18 00:24:20 | [INFO]    | Shard 0 : Connected to wss://gateway.discord.gg
2022-03-18 00:24:20 | [INFO]    | Shard 0 : Received HELLO
2022-03-18 00:24:20 | [INFO]    | Shard 0 : Received READY
2022-03-18 00:25:14 | [INFO]    | Discordia 2.9.2
2022-03-18 00:25:14 | [INFO]    | Connecting to Discord...
2022-03-18 00:25:14 | [INFO]    | Authenticated as CuteCatBOT#0355
2022-03-18 00:25:14 | [INFO]    | Launching shard 0 (1 out of 1)...
2022-03-18 00:25:14 | [INFO]    | Shard 0 : Connected to wss://gateway.discord.gg
2022-03-18 00:25:14 | [INFO]    | Shard 0 : Received HELLO
2022-03-18 00:25:14 | [INFO]    | Shard 0 : Received READY
2022-03-18 00:25:39 | [INFO]    | Discordia 2.9.2
2022-03-18 00:25:39 | [INFO]    | Connecting to Discord...
2022-03-18 00:25:39 | [INFO]    | Authenticated as CuteCatBOT#0355
2022-03-18 00:25:39 | [INFO]    | Launching shard 0 (1 out of 1)...
2022-03-18 00:25:39 | [INFO]    | Shard 0 : Connected to wss://gateway.discord.gg
2022-03-18 00:25:39 | [INFO]    | Shard 0 : Received HELLO
2022-03-18 00:25:39 | [INFO]    | Shard 0 : Received READY
